<?xml version="1.0" encoding="UTF-8"?>
<testng-results ignored="0" total="1" passed="1" failed="0" skipped="0">
  <reporter-output>
  </reporter-output>
  <suite started-at="2022-10-11T19:18:00 EDT" name="Default suite" finished-at="2022-10-11T19:18:05 EDT" duration-ms="5197">
    <groups>
    </groups>
    <test started-at="2022-10-11T19:18:00 EDT" name="Default test" finished-at="2022-10-11T19:18:05 EDT" duration-ms="5197">
      <class name="com.qa.testcases.TestBanking">
        <test-method is-config="true" signature="setUpSuite()[pri:0, instance:com.qa.testcases.TestBanking@593aaf41]" started-at="2022-10-11T19:17:59 EDT" name="setUpSuite" finished-at="2022-10-11T19:18:00 EDT" duration-ms="714" status="PASS">
          <reporter-output>
          </reporter-output>
        </test-method> <!-- setUpSuite -->
        <test-method is-config="true" signature="setUp()[pri:0, instance:com.qa.testcases.TestBanking@593aaf41]" started-at="2022-10-11T19:18:00 EDT" name="setUp" finished-at="2022-10-11T19:18:02 EDT" duration-ms="2657" status="PASS">
          <reporter-output>
          </reporter-output>
        </test-method> <!-- setUp -->
        <test-method signature="openBankSite()[pri:0, instance:com.qa.testcases.TestBanking@593aaf41]" started-at="2022-10-11T19:18:02 EDT" name="openBankSite" finished-at="2022-10-11T19:18:03 EDT" duration-ms="770" status="PASS">
          <reporter-output>
          </reporter-output>
        </test-method> <!-- openBankSite -->
        <test-method is-config="true" signature="tearDownMethod(org.testng.ITestResult)[pri:0, instance:com.qa.testcases.TestBanking@593aaf41]" started-at="2022-10-11T19:18:03 EDT" name="tearDownMethod" finished-at="2022-10-11T19:18:03 EDT" duration-ms="319" status="PASS">
          <params>
            <param index="0">
              <value>
                <![CDATA[[TestResult name=openBankSite status=SUCCESS method=TestBanking.openBankSite()[pri:0, instance:com.qa.testcases.TestBanking@593aaf41] output={null}]]]>
              </value>
            </param>
          </params>
          <reporter-output>
          </reporter-output>
        </test-method> <!-- tearDownMethod -->
        <test-method is-config="true" signature="tearDown()[pri:0, instance:com.qa.testcases.TestBanking@593aaf41]" started-at="2022-10-11T19:18:03 EDT" name="tearDown" finished-at="2022-10-11T19:18:05 EDT" duration-ms="1429" status="PASS">
          <reporter-output>
          </reporter-output>
        </test-method> <!-- tearDown -->
      </class> <!-- com.qa.testcases.TestBanking -->
    </test> <!-- Default test -->
  </suite> <!-- Default suite -->
</testng-results>
