<?xml version="1.0" encoding="UTF-8"?>
<testng-results ignored="0" total="1" passed="1" failed="0" skipped="0">
  <reporter-output>
  </reporter-output>
  <suite started-at="2022-10-09T10:34:24 EDT" name="com.qa.testcases.TestBanking" finished-at="2022-10-09T10:34:28 EDT" duration-ms="4296">
    <groups>
    </groups>
    <test started-at="2022-10-09T10:34:24 EDT" name="Command line test" finished-at="2022-10-09T10:34:28 EDT" duration-ms="4296">
      <class name="com.qa.testcases.TestBanking">
        <test-method is-config="true" signature="setUp()[pri:0, instance:com.qa.testcases.TestBanking@408d971b]" started-at="2022-10-09T10:34:24 EDT" name="setUp" finished-at="2022-10-09T10:34:26 EDT" duration-ms="2068" status="PASS">
          <reporter-output>
          </reporter-output>
        </test-method> <!-- setUp -->
        <test-method signature="openBankSite()[pri:0, instance:com.qa.testcases.TestBanking@408d971b]" started-at="2022-10-09T10:34:26 EDT" name="openBankSite" finished-at="2022-10-09T10:34:27 EDT" duration-ms="1071" status="PASS">
          <reporter-output>
          </reporter-output>
        </test-method> <!-- openBankSite -->
        <test-method is-config="true" signature="tearDown()[pri:0, instance:com.qa.testcases.TestBanking@408d971b]" started-at="2022-10-09T10:34:27 EDT" name="tearDown" finished-at="2022-10-09T10:34:28 EDT" duration-ms="1135" status="PASS">
          <reporter-output>
          </reporter-output>
        </test-method> <!-- tearDown -->
      </class> <!-- com.qa.testcases.TestBanking -->
    </test> <!-- Command line test -->
  </suite> <!-- com.qa.testcases.TestBanking -->
</testng-results>
